<?xml version="1.0" encoding="UTF-8"?>
<!-- Generated by org.testng.reporters.JUnitReportReporter -->
<testsuite skipped="0" hostname="Shivansh-PC" name="testcases.VerifyExcel" tests="1" failures="0" timestamp="13 Jan 2023 02:41:32 GMT" time="0.007" errors="0">
  <testcase name="readExcelFile" time="0.007" classname="testcases.VerifyExcel"/>
</testsuite> <!-- testcases.VerifyExcel -->
