<?xml version="1.0" encoding="UTF-8"?>
<!-- Generated by org.testng.reporters.JUnitReportReporter -->
<testsuite hostname="Shivansh-PC" name="testcases.FindBrokenLinksTestCase" tests="1" failures="0" timestamp="16 Jan 2023 02:18:48 GMT" time="22.579" errors="0">
  <testcase name="brokenLinks" time="22.579" classname="testcases.FindBrokenLinksTestCase"/>
</testsuite> <!-- testcases.FindBrokenLinksTestCase -->
