<?xml version="1.0" encoding="UTF-8"?>
<!-- Generated by org.testng.reporters.JUnitReportReporter -->
<testsuite hostname="Shivansh-PC" name="testcases.LoginTestCase" tests="4" failures="0" timestamp="16 Jan 2023 02:18:48 GMT" time="82.239" errors="0">
  <testcase name="verifyValidLogin" time="15.394" classname="testcases.LoginTestCase"/>
  <testcase name="verifyLogOut" time="23.497" classname="testcases.LoginTestCase"/>
  <testcase name="verifyLogOut" time="28.408" classname="testcases.LoginTestCase"/>
  <testcase name="verifyValidLogin" time="14.940" classname="testcases.LoginTestCase"/>
</testsuite> <!-- testcases.LoginTestCase -->
