<?xml version="1.0" encoding="UTF-8"?>
<!-- Generated by org.testng.reporters.JUnitReportReporter -->
<testsuite hostname="Shivansh-PC" name="testcases.VerifyExcel" tests="2" failures="0" timestamp="16 Jan 2023 02:18:48 GMT" time="0.015" errors="0">
  <testcase name="readExcelFile" time="0.011" classname="testcases.VerifyExcel"/>
  <testcase name="readExcelFile" time="0.004" classname="testcases.VerifyExcel"/>
</testsuite> <!-- testcases.VerifyExcel -->
